2023-10-25 20:09:19,342 INFO o.a.j.u.JMeterUtils: Setting Locale to en_IN
2023-10-25 20:09:19,372 INFO o.a.j.JMeter: Loading user properties from: user.properties
2023-10-25 20:09:19,377 INFO o.a.j.JMeter: Loading system properties from: system.properties
2023-10-25 20:09:19,382 INFO o.a.j.JMeter: Copyright (c) 1998-2023 The Apache Software Foundation
2023-10-25 20:09:19,382 INFO o.a.j.JMeter: Version 5.6.2
2023-10-25 20:09:19,382 INFO o.a.j.JMeter: java.version=17.0.9
2023-10-25 20:09:19,382 INFO o.a.j.JMeter: java.vm.name=Java HotSpot(TM) 64-Bit Server VM
2023-10-25 20:09:19,382 INFO o.a.j.JMeter: os.name=Windows 11
2023-10-25 20:09:19,382 INFO o.a.j.JMeter: os.arch=amd64
2023-10-25 20:09:19,382 INFO o.a.j.JMeter: os.version=10.0
2023-10-25 20:09:19,382 INFO o.a.j.JMeter: file.encoding=Cp1252
2023-10-25 20:09:19,382 INFO o.a.j.JMeter: java.awt.headless=null
2023-10-25 20:09:19,382 INFO o.a.j.JMeter: Max memory     =4213178368
2023-10-25 20:09:19,382 INFO o.a.j.JMeter: Available Processors =16
2023-10-25 20:09:19,389 INFO o.a.j.JMeter: Default Locale=English (India)
2023-10-25 20:09:19,389 INFO o.a.j.JMeter: JMeter  Locale=English (India)
2023-10-25 20:09:19,389 INFO o.a.j.JMeter: JMeterHome=D:\apache-jmeter-5.6.2
2023-10-25 20:09:19,389 INFO o.a.j.JMeter: user.dir  =D:\apache-jmeter-5.6.2\bin
2023-10-25 20:09:19,389 INFO o.a.j.JMeter: PWD       =D:\apache-jmeter-5.6.2\bin
2023-10-25 20:09:19,389 INFO o.a.j.JMeter: IP: 192.168.1.4 Name: DESKTOP-H3PPS4E FullName: DESKTOP-H3PPS4E
2023-10-25 20:09:19,392 INFO o.a.j.JMeter: Loaded icon properties from org/apache/jmeter/images/icon.properties
2023-10-25 20:09:19,532 INFO o.a.j.JMeterGuiLauncher: Setting LAF to: com.github.weisj.darklaf.DarkLaf:com.github.weisj.darklaf.theme.DarculaTheme
2023-10-25 20:09:20,257 INFO o.a.j.r.ClassFinder: Will scan jar D:\apache-jmeter-5.6.2\lib\ext\jmeter-plugins-casutg-2.10.jar with filter ExtendsClassFilter [parents=[interface org.apache.jmeter.gui.action.Command], inner=false, contains=null, notContains=null]. Consider exposing JMeter plugins via META-INF/services, and add JMeter-Skip-Class-Scanning=true manifest attribute so JMeter can skip classfile scanning
2023-10-25 20:09:20,272 INFO o.a.j.r.ClassFinder: Will scan jar D:\apache-jmeter-5.6.2\lib\ext\jmeter-plugins-manager-1.10.jar with filter ExtendsClassFilter [parents=[interface org.apache.jmeter.gui.action.Command], inner=false, contains=null, notContains=null]. Consider exposing JMeter plugins via META-INF/services, and add JMeter-Skip-Class-Scanning=true manifest attribute so JMeter can skip classfile scanning
2023-10-25 20:09:20,372 INFO o.a.j.r.ClassFinder: Will scan jar D:\apache-jmeter-5.6.2\lib\ext\jmeter-plugins-casutg-2.10.jar with filter ExtendsClassFilter [parents=[interface org.apache.jmeter.gui.plugin.MenuCreator], inner=false, contains=null, notContains=null]. Consider exposing JMeter plugins via META-INF/services, and add JMeter-Skip-Class-Scanning=true manifest attribute so JMeter can skip classfile scanning
2023-10-25 20:09:20,372 INFO o.a.j.r.ClassFinder: Will scan jar D:\apache-jmeter-5.6.2\lib\ext\jmeter-plugins-manager-1.10.jar with filter ExtendsClassFilter [parents=[interface org.apache.jmeter.gui.plugin.MenuCreator], inner=false, contains=null, notContains=null]. Consider exposing JMeter plugins via META-INF/services, and add JMeter-Skip-Class-Scanning=true manifest attribute so JMeter can skip classfile scanning
2023-10-25 20:09:20,537 INFO o.j.r.JARSourceHTTP: Requesting https://jmeter-plugins.org/repo/?installID=windows_11-ee577a1430a2252e0888b787481ca00b-gui
2023-10-25 20:09:23,092 INFO o.j.r.PluginManager: Plugins Status: [jpgc-casutg=2.10, jpgc-plugins-manager=1.10, jmeter-core=5.6.2, jmeter-ftp=5.6.2, jmeter-http=5.6.2, jmeter-jdbc=5.6.2, jmeter-jms=5.6.2, jmeter-junit=5.6.2, jmeter-java=5.6.2, jmeter-ldap=5.6.2, jmeter-mail=5.6.2, jmeter-mongodb=5.6.2, jmeter-native=5.6.2, jmeter-tcp=5.6.2, jmeter-components=5.6.2]
2023-10-25 20:09:28,367 INFO o.a.j.s.FileServer: Default base='D:\apache-jmeter-5.6.2\bin'
2023-10-25 20:09:28,367 INFO o.a.j.g.a.Load: Loading file: D:\apache-jmeter-5.6.2\bin\View Results Tree.jmx
2023-10-25 20:09:28,367 INFO o.a.j.s.FileServer: Set new base='D:\apache-jmeter-5.6.2\bin'
2023-10-25 20:09:28,527 INFO o.a.j.s.SaveService: Testplan (JMX) version: 2.2. Testlog (JTL) version: 2.2
2023-10-25 20:09:28,537 INFO o.a.j.s.SaveService: Using SaveService properties version 5.0
2023-10-25 20:09:28,537 INFO o.a.j.s.SaveService: Using SaveService properties file encoding UTF-8
2023-10-25 20:09:28,537 INFO o.a.j.s.SaveService: Loading file: D:\apache-jmeter-5.6.2\bin\View Results Tree.jmx
2023-10-25 20:09:28,612 INFO o.a.j.p.h.s.HTTPSamplerBase: Parser for text/html is org.apache.jmeter.protocol.http.parser.LagartoBasedHtmlParser
2023-10-25 20:09:28,612 INFO o.a.j.p.h.s.HTTPSamplerBase: Parser for application/xhtml+xml is org.apache.jmeter.protocol.http.parser.LagartoBasedHtmlParser
2023-10-25 20:09:28,612 INFO o.a.j.p.h.s.HTTPSamplerBase: Parser for application/xml is org.apache.jmeter.protocol.http.parser.LagartoBasedHtmlParser
2023-10-25 20:09:28,612 INFO o.a.j.p.h.s.HTTPSamplerBase: Parser for text/xml is org.apache.jmeter.protocol.http.parser.LagartoBasedHtmlParser
2023-10-25 20:09:28,612 INFO o.a.j.p.h.s.HTTPSamplerBase: Parser for text/vnd.wap.wml is org.apache.jmeter.protocol.http.parser.RegexpHTMLParser
2023-10-25 20:09:28,612 INFO o.a.j.p.h.s.HTTPSamplerBase: Parser for text/css is org.apache.jmeter.protocol.http.parser.CssParser
2023-10-25 20:09:28,742 INFO o.a.j.s.SampleResult: Note: Sample TimeStamps are START times
2023-10-25 20:09:28,742 INFO o.a.j.s.SampleResult: sampleresult.default.encoding is set to UTF-8
2023-10-25 20:09:28,742 INFO o.a.j.s.SampleResult: sampleresult.useNanoTime=true
2023-10-25 20:09:28,742 INFO o.a.j.s.SampleResult: sampleresult.nanoThreadSleep=5000
2023-10-25 20:09:28,842 INFO o.a.j.r.ClassFinder: Will scan jar D:\apache-jmeter-5.6.2\lib\ext\jmeter-plugins-casutg-2.10.jar with filter ExtendsClassFilter [parents=[interface org.apache.jmeter.visualizers.ResultRenderer], inner=false, contains=null, notContains=null]. Consider exposing JMeter plugins via META-INF/services, and add JMeter-Skip-Class-Scanning=true manifest attribute so JMeter can skip classfile scanning
2023-10-25 20:09:28,842 INFO o.a.j.r.ClassFinder: Will scan jar D:\apache-jmeter-5.6.2\lib\ext\jmeter-plugins-manager-1.10.jar with filter ExtendsClassFilter [parents=[interface org.apache.jmeter.visualizers.ResultRenderer], inner=false, contains=null, notContains=null]. Consider exposing JMeter plugins via META-INF/services, and add JMeter-Skip-Class-Scanning=true manifest attribute so JMeter can skip classfile scanning
2023-10-25 20:09:28,852 INFO o.a.j.r.ClassFinder: Will scan jar D:\apache-jmeter-5.6.2\lib\ext\jmeter-plugins-casutg-2.10.jar with filter ExtendsClassFilter [parents=[interface org.apache.jmeter.visualizers.RequestView], inner=false, contains=null, notContains=null]. Consider exposing JMeter plugins via META-INF/services, and add JMeter-Skip-Class-Scanning=true manifest attribute so JMeter can skip classfile scanning
2023-10-25 20:09:28,857 INFO o.a.j.r.ClassFinder: Will scan jar D:\apache-jmeter-5.6.2\lib\ext\jmeter-plugins-manager-1.10.jar with filter ExtendsClassFilter [parents=[interface org.apache.jmeter.visualizers.RequestView], inner=false, contains=null, notContains=null]. Consider exposing JMeter plugins via META-INF/services, and add JMeter-Skip-Class-Scanning=true manifest attribute so JMeter can skip classfile scanning
2023-10-25 20:09:28,912 INFO o.a.j.r.ClassFinder: Will scan jar D:\apache-jmeter-5.6.2\lib\ext\jmeter-plugins-casutg-2.10.jar with filter ExtendsClassFilter [parents=[interface org.apache.jmeter.visualizers.ResultRenderer], inner=false, contains=null, notContains=null]. Consider exposing JMeter plugins via META-INF/services, and add JMeter-Skip-Class-Scanning=true manifest attribute so JMeter can skip classfile scanning
2023-10-25 20:09:28,912 INFO o.a.j.r.ClassFinder: Will scan jar D:\apache-jmeter-5.6.2\lib\ext\jmeter-plugins-manager-1.10.jar with filter ExtendsClassFilter [parents=[interface org.apache.jmeter.visualizers.ResultRenderer], inner=false, contains=null, notContains=null]. Consider exposing JMeter plugins via META-INF/services, and add JMeter-Skip-Class-Scanning=true manifest attribute so JMeter can skip classfile scanning
2023-10-25 20:09:28,928 INFO o.a.j.r.ClassFinder: Will scan jar D:\apache-jmeter-5.6.2\lib\ext\jmeter-plugins-casutg-2.10.jar with filter ExtendsClassFilter [parents=[interface org.apache.jmeter.visualizers.RequestView], inner=false, contains=null, notContains=null]. Consider exposing JMeter plugins via META-INF/services, and add JMeter-Skip-Class-Scanning=true manifest attribute so JMeter can skip classfile scanning
2023-10-25 20:09:28,932 INFO o.a.j.r.ClassFinder: Will scan jar D:\apache-jmeter-5.6.2\lib\ext\jmeter-plugins-manager-1.10.jar with filter ExtendsClassFilter [parents=[interface org.apache.jmeter.visualizers.RequestView], inner=false, contains=null, notContains=null]. Consider exposing JMeter plugins via META-INF/services, and add JMeter-Skip-Class-Scanning=true manifest attribute so JMeter can skip classfile scanning
2023-10-25 20:09:28,969 INFO o.a.j.s.FileServer: Set new base='D:\apache-jmeter-5.6.2\bin'
2023-10-25 20:09:49,312 INFO o.a.j.g.a.Load: Loading file: D:\apache-jmeter-5.6.2\bin\HTTP Request.jmx
2023-10-25 20:09:49,312 INFO o.a.j.s.FileServer: Set new base='D:\apache-jmeter-5.6.2\bin'
2023-10-25 20:09:49,312 INFO o.a.j.s.SaveService: Loading file: D:\apache-jmeter-5.6.2\bin\HTTP Request.jmx
2023-10-25 20:09:49,332 INFO o.a.j.s.FileServer: Set new base='D:\apache-jmeter-5.6.2\bin'
